#
# A fatal error has been detected by the Java Runtime Environment:
#
#  EXCEPTION_ACCESS_VIOLATION (0xc0000005) at pc=0x00007ffbd40abe6b, pid=1312, tid=0x0000000000002734
#
# JRE version: Java(TM) SE Runtime Environment (8.0_144-b01) (build 1.8.0_144-b01)
# Java VM: Java HotSpot(TM) 64-Bit Server VM (25.144-b01 mixed mode windows-amd64 compressed oops)
# Problematic frame:
# C  [ntdll.dll+0x4be6b]
#
# Failed to write core dump. Minidumps are not enabled by default on client versions of Windows
#
# If you would like to submit a bug report, please visit:
#   http://bugreport.java.com/bugreport/crash.jsp
# The crash happened outside the Java Virtual Machine in native code.
# See problematic frame for where to report the bug.
#

---------------  T H R E A D  ---------------

Current thread (0x0000000005239000):  JavaThread "main" [_thread_in_native, id=10036, stack(0x0000000005100000,0x0000000005200000)]

siginfo: ExceptionCode=0xc0000005, writing address 0x0000000000000024

Registers:
RAX=0x0000000000000000, RBX=0x00000000034be4d8, RCX=0x00000000034be4d8, RDX=0xffffffffffffffff
RSP=0x00000000051ff1c0, RBP=0x00000000051ff230, RSI=0x0000000000000000, RDI=0x0000000000000000
R8 =0x0000000000000000, R9 =0x0000000000000000, R10=0x0000000000000000, R11=0x0000000000000246
R12=0x0000000000000000, R13=0x00000000051ff7a0, R14=0x0000000000000000, R15=0x0000000005239000
RIP=0x00007ffbd40abe6b, EFLAGS=0x0000000000010213

Top of Stack: (sp=0x00000000051ff1c0)
0x00000000051ff1c0:   ffffffffffffffff 00000000034be4d8
0x00000000051ff1d0:   000000000004b000 0000000020007e9e
0x00000000051ff1e0:   000000000004b000 3fdd1745d1745d17
0x00000000051ff1f0:   3fdd1745d1745d17 00000000011ce000
0x00000000051ff200:   cafebabecafebabe 00000000059c0fc4
0x00000000051ff210:   00000000051ff7f0 00000000059e45dc
0x00000000051ff220:   0000000000000000 00007ffbd0fe3b2f
0x00000000051ff230:   0000000005239000 0000000000000001
0x00000000051ff240:   00000000051ff7a0 0000000000000000
0x00000000051ff250:   0000000000000000 00000000051ff500
0x00000000051ff260:   0000000000000001 00007ffbd4080c49
0x00000000051ff270:   0000000000000000 00000000034be4d8
0x00000000051ff280:   00000000fffffffa 0000000000000000
0x00000000051ff290:   00000000243410b0 00007ffbd4080b60
0x00000000051ff2a0:   00007ffbc5786e60 0000000000000000
0x00000000051ff2b0:   00000000051ff500 00007ffbc5786e60 

Instructions: (pc=0x00007ffbd40abe6b)
0x00007ffbd40abe4b:   0f 45 f6 48 39 73 18 0f 84 bb 01 00 00 48 83 3b
0x00007ffbd40abe5b:   ff 0f 84 be 01 00 00 48 8b 03 48 83 f8 ff 74 03
0x00007ffbd40abe6b:   ff 40 24 48 8b 7b 18 44 8b ee 48 89 7d c0 e8 12
0x00007ffbd40abe7b:   ae fd ff 85 c0 0f 85 ea 13 07 00 b9 82 03 fe 7f 


Register to memory mapping:

RAX=0x0000000000000000 is an unknown value
RBX=0x00000000034be4d8 is an unknown value
RCX=0x00000000034be4d8 is an unknown value
RDX=0xffffffffffffffff is an unknown value
RSP=0x00000000051ff1c0 is pointing into the stack for thread: 0x0000000005239000
RBP=0x00000000051ff230 is pointing into the stack for thread: 0x0000000005239000
RSI=0x0000000000000000 is an unknown value
RDI=0x0000000000000000 is an unknown value
R8 =0x0000000000000000 is an unknown value
R9 =0x0000000000000000 is an unknown value
R10=0x0000000000000000 is an unknown value
R11=0x0000000000000246 is an unknown value
R12=0x0000000000000000 is an unknown value
R13=0x00000000051ff7a0 is pointing into the stack for thread: 0x0000000005239000
R14=0x0000000000000000 is an unknown value
R15=0x0000000005239000 is a thread


Stack: [0x0000000005100000,0x0000000005200000],  sp=0x00000000051ff1c0,  free space=1020k
Native frames: (J=compiled Java code, j=interpreted, Vv=VM code, C=native code)
C  [ntdll.dll+0x4be6b]
C  [ntdll.dll+0x20c49]
C  [ntdll.dll+0x20b60]
C  [opencv_videoio320.dll+0x12be7]
C  [opencv_videoio320.dll+0x13dbb]
C  [opencv_videoio320.dll+0x34a4]
C  [jniopencv_videoio.dll+0x8424]
C  0x0000000005a5b291

Java frames: (J=compiled Java code, j=interpreted, Vv=VM code)
J 1341  org.bytedeco.javacpp.opencv_videoio$VideoCapture.retrieve(Lorg/bytedeco/javacpp/opencv_core$Mat;)Z (0 bytes) @ 0x0000000005a5b20f [0x0000000005a5b1c0+0x4f]
J 1340 C1 org.bytedeco.javacv.OpenCVFrameGrabber.grab()Lorg/bytedeco/javacv/Frame; (255 bytes) @ 0x0000000005a5ed4c [0x0000000005a5eca0+0xac]
j  MotionDetector.main([Ljava/lang/String;)V+145
v  ~StubRoutines::call_stub

---------------  P R O C E S S  ---------------

Java Threads: ( => current thread )
  0x000000001c3b1800 JavaThread "AWT-EventQueue-0" [_thread_blocked, id=3916, stack(0x0000000026430000,0x0000000026530000)]
  0x000000001ce48800 JavaThread "AWT-Shutdown" [_thread_blocked, id=440, stack(0x0000000024c30000,0x0000000024d30000)]
  0x000000001ce47800 JavaThread "Java2D Disposer" daemon [_thread_blocked, id=8112, stack(0x0000000024b30000,0x0000000024c30000)]
  0x000000001c12e000 JavaThread "JavaCPP Deallocator" daemon [_thread_blocked, id=4608, stack(0x000000001c780000,0x000000001c880000)]
  0x000000001bdba800 JavaThread "Service Thread" daemon [_thread_blocked, id=6696, stack(0x000000001c580000,0x000000001c680000)]
  0x000000001b96c000 JavaThread "C1 CompilerThread2" daemon [_thread_blocked, id=4460, stack(0x000000001bc80000,0x000000001bd80000)]
  0x000000001b93d000 JavaThread "C2 CompilerThread1" daemon [_thread_blocked, id=3688, stack(0x000000001bb80000,0x000000001bc80000)]
  0x000000001b93a000 JavaThread "C2 CompilerThread0" daemon [_thread_blocked, id=5868, stack(0x000000001ba80000,0x000000001bb80000)]
  0x000000001b92b800 JavaThread "Monitor Ctrl-Break" daemon [_thread_in_native, id=7484, stack(0x000000001b980000,0x000000001ba80000)]
  0x000000001a01f000 JavaThread "Attach Listener" daemon [_thread_blocked, id=6576, stack(0x000000001b480000,0x000000001b580000)]
  0x000000001a02d800 JavaThread "Signal Dispatcher" daemon [_thread_blocked, id=10548, stack(0x000000001b380000,0x000000001b480000)]
  0x000000000532e800 JavaThread "Finalizer" daemon [_thread_blocked, id=3488, stack(0x000000001b280000,0x000000001b380000)]
  0x0000000005329000 JavaThread "Reference Handler" daemon [_thread_blocked, id=6556, stack(0x000000001b180000,0x000000001b280000)]
=>0x0000000005239000 JavaThread "main" [_thread_in_native, id=10036, stack(0x0000000005100000,0x0000000005200000)]

Other Threads:
  0x0000000019fe7000 VMThread [stack: 0x000000001b080000,0x000000001b180000] [id=5276]
  0x000000001be64000 WatcherThread [stack: 0x000000001c680000,0x000000001c780000] [id=10560]

VM state:not at safepoint (normal execution)

VM Mutex/Monitor currently owned by a thread: None

Heap:
 PSYoungGen      total 37376K, used 7866K [0x00000000d6000000, 0x00000000d8e80000, 0x0000000100000000)
  eden space 32256K, 9% used [0x00000000d6000000,0x00000000d6307d60,0x00000000d7f80000)
  from space 5120K, 93% used [0x00000000d8000000,0x00000000d84a6e38,0x00000000d8500000)
  to   space 7680K, 0% used [0x00000000d8700000,0x00000000d8700000,0x00000000d8e80000)
 ParOldGen       total 86016K, used 6523K [0x0000000082000000, 0x0000000087400000, 0x00000000d6000000)
  object space 86016K, 7% used [0x0000000082000000,0x000000008265ee28,0x0000000087400000)
 Metaspace       used 14465K, capacity 14634K, committed 14848K, reserved 1062912K
  class space    used 1607K, capacity 1676K, committed 1792K, reserved 1048576K

Card table byte_map: [0x00000000148f0000,0x0000000014cf0000] byte_map_base: 0x00000000144e0000

Marking Bits: (ParMarkBitMap*) 0x000000005903d850
 Begin Bits: [0x0000000015390000, 0x0000000017310000)
 End Bits:   [0x0000000017310000, 0x0000000019290000)

Polling page: 0x0000000003450000

CodeCache: size=245760Kb used=5963Kb max_used=5974Kb free=239796Kb
 bounds [0x0000000005530000, 0x0000000005b10000, 0x0000000014530000]
 total_blobs=2045 nmethods=1459 adapters=499
 compilation: enabled

Compilation events (10 events):
Event: 47.602 Thread 0x000000001b96c000 1456       3       org.bytedeco.javacpp.helper.opencv_core$AbstractIplImage$ReleaseDeallocator::deallocate (5 bytes)
Event: 47.602 Thread 0x000000001b93d000 nmethod 1454 0x0000000005afda10 code [0x0000000005afdb60, 0x0000000005afe028]
Event: 47.602 Thread 0x000000001b96c000 nmethod 1456 0x0000000005afd690 code [0x0000000005afd800, 0x0000000005afd988]
Event: 47.605 Thread 0x000000001b93a000 nmethod 1453 0x0000000005b045d0 code [0x0000000005b04780, 0x0000000005b050c8]
Event: 47.612 Thread 0x000000001b93d000 1458       4       java.lang.ref.ReferenceQueue::reallyPoll (66 bytes)
Event: 47.614 Thread 0x000000001b93d000 nmethod 1458 0x0000000005afd3d0 code [0x0000000005afd500, 0x0000000005afd638]
Event: 47.620 Thread 0x000000001b93a000 1459       4       java.lang.ref.ReferenceQueue::remove (6 bytes)
Event: 47.629 Thread 0x000000001b93a000 nmethod 1459 0x0000000005b03bd0 code [0x0000000005b03d40, 0x0000000005b042d0]
Event: 47.667 Thread 0x000000001b93d000 1460       4       java.nio.Buffer::<init> (121 bytes)
Event: 47.669 Thread 0x000000001b93d000 nmethod 1460 0x0000000005b05750 code [0x0000000005b058a0, 0x0000000005b05a58]

GC Heap History (10 events):
Event: 2.129 GC heap before
{Heap before GC invocations=1 (full 0):
 PSYoungGen      total 37888K, used 32768K [0x00000000d6000000, 0x00000000d8a00000, 0x0000000100000000)
  eden space 32768K, 100% used [0x00000000d6000000,0x00000000d8000000,0x00000000d8000000)
  from space 5120K, 0% used [0x00000000d8500000,0x00000000d8500000,0x00000000d8a00000)
  to   space 5120K, 0% used [0x00000000d8000000,0x00000000d8000000,0x00000000d8500000)
 ParOldGen       total 86016K, used 0K [0x0000000082000000, 0x0000000087400000, 0x00000000d6000000)
  object space 86016K, 0% used [0x0000000082000000,0x0000000082000000,0x0000000087400000)
 Metaspace       used 7520K, capacity 7574K, committed 7808K, reserved 1056768K
  class space    used 794K, capacity 817K, committed 896K, reserved 1048576K
Event: 2.133 GC heap after
Heap after GC invocations=1 (full 0):
 PSYoungGen      total 37888K, used 2792K [0x00000000d6000000, 0x00000000d8a00000, 0x0000000100000000)
  eden space 32768K, 0% used [0x00000000d6000000,0x00000000d6000000,0x00000000d8000000)
  from space 5120K, 54% used [0x00000000d8000000,0x00000000d82ba1f0,0x00000000d8500000)
  to   space 5120K, 0% used [0x00000000d8500000,0x00000000d8500000,0x00000000d8a00000)
 ParOldGen       total 86016K, used 8K [0x0000000082000000, 0x0000000087400000, 0x00000000d6000000)
  object space 86016K, 0% used [0x0000000082000000,0x0000000082002000,0x0000000087400000)
 Metaspace       used 7520K, capacity 7574K, committed 7808K, reserved 1056768K
  class space    used 794K, capacity 817K, committed 896K, reserved 1048576K
}
Event: 2.965 GC heap before
{Heap before GC invocations=2 (full 0):
 PSYoungGen      total 37888K, used 35560K [0x00000000d6000000, 0x00000000d8a00000, 0x0000000100000000)
  eden space 32768K, 100% used [0x00000000d6000000,0x00000000d8000000,0x00000000d8000000)
  from space 5120K, 54% used [0x00000000d8000000,0x00000000d82ba1f0,0x00000000d8500000)
  to   space 5120K, 0% used [0x00000000d8500000,0x00000000d8500000,0x00000000d8a00000)
 ParOldGen       total 86016K, used 8K [0x0000000082000000, 0x0000000087400000, 0x00000000d6000000)
  object space 86016K, 0% used [0x0000000082000000,0x0000000082002000,0x0000000087400000)
 Metaspace       used 13333K, capacity 13474K, committed 13696K, reserved 1060864K
  class space    used 1476K, capacity 1548K, committed 1664K, reserved 1048576K
Event: 2.969 GC heap after
Heap after GC invocations=2 (full 0):
 PSYoungGen      total 37888K, used 5103K [0x00000000d6000000, 0x00000000d8a00000, 0x0000000100000000)
  eden space 32768K, 0% used [0x00000000d6000000,0x00000000d6000000,0x00000000d8000000)
  from space 5120K, 99% used [0x00000000d8500000,0x00000000d89fbe28,0x00000000d8a00000)
  to   space 5120K, 0% used [0x00000000d8000000,0x00000000d8000000,0x00000000d8500000)
 ParOldGen       total 86016K, used 2156K [0x0000000082000000, 0x0000000087400000, 0x00000000d6000000)
  object space 86016K, 2% used [0x0000000082000000,0x000000008221b0d0,0x0000000087400000)
 Metaspace       used 13333K, capacity 13474K, committed 13696K, reserved 1060864K
  class space    used 1476K, capacity 1548K, committed 1664K, reserved 1048576K
}
Event: 3.380 GC heap before
{Heap before GC invocations=3 (full 0):
 PSYoungGen      total 37888K, used 37871K [0x00000000d6000000, 0x00000000d8a00000, 0x0000000100000000)
  eden space 32768K, 100% used [0x00000000d6000000,0x00000000d8000000,0x00000000d8000000)
  from space 5120K, 99% used [0x00000000d8500000,0x00000000d89fbe28,0x00000000d8a00000)
  to   space 5120K, 0% used [0x00000000d8000000,0x00000000d8000000,0x00000000d8500000)
 ParOldGen       total 86016K, used 2156K [0x0000000082000000, 0x0000000087400000, 0x00000000d6000000)
  object space 86016K, 2% used [0x0000000082000000,0x000000008221b0d0,0x0000000087400000)
 Metaspace       used 14094K, capacity 14306K, committed 14592K, reserved 1062912K
  class space    used 1601K, capacity 1676K, committed 1792K, reserved 1048576K
Event: 3.384 GC heap after
Heap after GC invocations=3 (full 0):
 PSYoungGen      total 37888K, used 5103K [0x00000000d6000000, 0x00000000d8a00000, 0x0000000100000000)
  eden space 32768K, 0% used [0x00000000d6000000,0x00000000d6000000,0x00000000d8000000)
  from space 5120K, 99% used [0x00000000d8000000,0x00000000d84fbe28,0x00000000d8500000)
  to   space 5120K, 0% used [0x00000000d8500000,0x00000000d8500000,0x00000000d8a00000)
 ParOldGen       total 86016K, used 2907K [0x0000000082000000, 0x0000000087400000, 0x00000000d6000000)
  object space 86016K, 3% used [0x0000000082000000,0x00000000822d6df8,0x0000000087400000)
 Metaspace       used 14094K, capacity 14306K, committed 14592K, reserved 1062912K
  class space    used 1601K, capacity 1676K, committed 1792K, reserved 1048576K
}
Event: 15.007 GC heap before
{Heap before GC invocations=4 (full 0):
 PSYoungGen      total 37888K, used 37871K [0x00000000d6000000, 0x00000000d8a00000, 0x0000000100000000)
  eden space 32768K, 100% used [0x00000000d6000000,0x00000000d8000000,0x00000000d8000000)
  from space 5120K, 99% used [0x00000000d8000000,0x00000000d84fbe28,0x00000000d8500000)
  to   space 5120K, 0% used [0x00000000d8500000,0x00000000d8500000,0x00000000d8a00000)
 ParOldGen       total 86016K, used 2907K [0x0000000082000000, 0x0000000087400000, 0x00000000d6000000)
  object space 86016K, 3% used [0x0000000082000000,0x00000000822d6df8,0x0000000087400000)
 Metaspace       used 14288K, capacity 14442K, committed 14848K, reserved 1062912K
  class space    used 1604K, capacity 1676K, committed 1792K, reserved 1048576K
Event: 15.010 GC heap after
Heap after GC invocations=4 (full 0):
 PSYoungGen      total 37888K, used 4299K [0x00000000d6000000, 0x00000000d8a00000, 0x0000000100000000)
  eden space 32768K, 0% used [0x00000000d6000000,0x00000000d6000000,0x00000000d8000000)
  from space 5120K, 83% used [0x00000000d8500000,0x00000000d8932e48,0x00000000d8a00000)
  to   space 5120K, 0% used [0x00000000d8000000,0x00000000d8000000,0x00000000d8500000)
 ParOldGen       total 86016K, used 6515K [0x0000000082000000, 0x0000000087400000, 0x00000000d6000000)
  object space 86016K, 7% used [0x0000000082000000,0x000000008265ce28,0x0000000087400000)
 Metaspace       used 14288K, capacity 14442K, committed 14848K, reserved 1062912K
  class space    used 1604K, capacity 1676K, committed 1792K, reserved 1048576K
}
Event: 47.590 GC heap before
{Heap before GC invocations=5 (full 0):
 PSYoungGen      total 37888K, used 37067K [0x00000000d6000000, 0x00000000d8a00000, 0x0000000100000000)
  eden space 32768K, 100% used [0x00000000d6000000,0x00000000d8000000,0x00000000d8000000)
  from space 5120K, 83% used [0x00000000d8500000,0x00000000d8932e48,0x00000000d8a00000)
  to   space 5120K, 0% used [0x00000000d8000000,0x00000000d8000000,0x00000000d8500000)
 ParOldGen       total 86016K, used 6515K [0x0000000082000000, 0x0000000087400000, 0x00000000d6000000)
  object space 86016K, 7% used [0x0000000082000000,0x000000008265ce28,0x0000000087400000)
 Metaspace       used 14465K, capacity 14634K, committed 14848K, reserved 1062912K
  class space    used 1607K, capacity 1676K, committed 1792K, reserved 1048576K
Event: 47.594 GC heap after
Heap after GC invocations=5 (full 0):
 PSYoungGen      total 37376K, used 4763K [0x00000000d6000000, 0x00000000d8e80000, 0x0000000100000000)
  eden space 32256K, 0% used [0x00000000d6000000,0x00000000d6000000,0x00000000d7f80000)
  from space 5120K, 93% used [0x00000000d8000000,0x00000000d84a6e38,0x00000000d8500000)
  to   space 7680K, 0% used [0x00000000d8700000,0x00000000d8700000,0x00000000d8e80000)
 ParOldGen       total 86016K, used 6523K [0x0000000082000000, 0x0000000087400000, 0x00000000d6000000)
  object space 86016K, 7% used [0x0000000082000000,0x000000008265ee28,0x0000000087400000)
 Metaspace       used 14465K, capacity 14634K, committed 14848K, reserved 1062912K
  class space    used 1607K, capacity 1676K, committed 1792K, reserved 1048576K
}

Deoptimization events (9 events):
Event: 0.920 Thread 0x0000000005239000 Uncommon trap: reason=unstable_if action=reinterpret pc=0x00000000056dcf7c method=java.io.WinNTFileSystem.normalize(Ljava/lang/String;II)Ljava/lang/String; @ 8
Event: 1.189 Thread 0x0000000005239000 Uncommon trap: reason=unstable_if action=reinterpret pc=0x000000000574ae20 method=java.io.WinNTFileSystem.normalize(Ljava/lang/String;)Ljava/lang/String; @ 128
Event: 2.292 Thread 0x0000000005239000 Uncommon trap: reason=null_check action=make_not_entrant pc=0x00000000056f811c method=java.lang.String.equals(Ljava/lang/Object;)Z @ 8
Event: 2.305 Thread 0x0000000005239000 Uncommon trap: reason=unstable_if action=reinterpret pc=0x000000000569c5f4 method=java.lang.String.startsWith(Ljava/lang/String;I)Z @ 25
Event: 2.306 Thread 0x0000000005239000 Uncommon trap: reason=unstable_if action=reinterpret pc=0x000000000573f2f4 method=sun.misc.MetaIndex.mayContain(Ljava/lang/String;)Z @ 38
Event: 2.310 Thread 0x0000000005239000 Uncommon trap: reason=unstable_if action=reinterpret pc=0x0000000005737488 method=java.lang.AbstractStringBuilder.append(Ljava/lang/String;)Ljava/lang/AbstractStringBuilder; @ 1
Event: 2.311 Thread 0x0000000005239000 Uncommon trap: reason=unstable_if action=reinterpret pc=0x00000000056f0840 method=java.lang.AbstractStringBuilder.append(Ljava/lang/String;)Ljava/lang/AbstractStringBuilder; @ 1
Event: 2.316 Thread 0x0000000005239000 Uncommon trap: reason=unstable_if action=reinterpret pc=0x000000000577887c method=java.util.HashMap.hash(Ljava/lang/Object;)I @ 1
Event: 3.703 Thread 0x0000000005239000 Uncommon trap: reason=unstable_if action=reinterpret pc=0x00000000058b18b0 method=org.bytedeco.javacv.Java2DFrameConverter.flipCopyWithGamma(Ljava/nio/ByteBuffer;ILjava/nio/ByteBuffer;IZDZI)V @ 50

Internal exceptions (10 events):
Event: 0.748 Thread 0x0000000005239000 Exception <a 'java/security/PrivilegedActionException'> (0x00000000d66ab7b0) thrown at [C:\re\workspace\8-2-build-windows-amd64-cygwin\jdk8u144\9417\hotspot\src\share\vm\prims\jvm.cpp, line 1390]
Event: 0.748 Thread 0x0000000005239000 Exception <a 'java/security/PrivilegedActionException'> (0x00000000d66abba8) thrown at [C:\re\workspace\8-2-build-windows-amd64-cygwin\jdk8u144\9417\hotspot\src\share\vm\prims\jvm.cpp, line 1390]
Event: 2.150 Thread 0x0000000005239000 Exception <a 'java/io/FileNotFoundException'> (0x00000000d6086b38) thrown at [C:\re\workspace\8-2-build-windows-amd64-cygwin\jdk8u144\9417\hotspot\src\share\vm\prims\jni.cpp, line 709]
Event: 2.196 Thread 0x0000000005239000 Exception <a 'java/lang/NoSuchFieldError': method resolution failed> (0x00000000d62ab838) thrown at [C:\re\workspace\8-2-build-windows-amd64-cygwin\jdk8u144\9417\hotspot\src\share\vm\prims\methodHandles.cpp, line 1146]
Event: 2.207 Thread 0x0000000005239000 Exception <a 'java/lang/NoSuchFieldError': method resolution failed> (0x00000000d62b93f8) thrown at [C:\re\workspace\8-2-build-windows-amd64-cygwin\jdk8u144\9417\hotspot\src\share\vm\prims\methodHandles.cpp, line 1146]
Event: 2.259 Thread 0x0000000005239000 Exception <a 'java/io/FileNotFoundException'> (0x00000000d64086b0) thrown at [C:\re\workspace\8-2-build-windows-amd64-cygwin\jdk8u144\9417\hotspot\src\share\vm\prims\jni.cpp, line 709]
Event: 2.292 Thread 0x0000000005239000 Implicit null exception at 0x00000000056f7f5b to 0x00000000056f810d
Event: 2.310 Thread 0x0000000005239000 Implicit null exception at 0x00000000057370d6 to 0x0000000005737471
Event: 2.311 Thread 0x0000000005239000 Implicit null exception at 0x00000000056f0496 to 0x00000000056f0829
Event: 2.316 Thread 0x0000000005239000 Implicit null exception at 0x0000000005778695 to 0x000000000577886d

Events (10 events):
Event: 47.395 Thread 0x000000001be74000 Thread added: 0x000000001be74000
Event: 47.395 Thread 0x000000001be72800 Thread exited: 0x000000001be72800
Event: 47.396 Executing VM operation: RevokeBias
Event: 47.396 Executing VM operation: RevokeBias done
Event: 47.413 Thread 0x000000001bfca800 Thread exited: 0x000000001bfca800
Event: 47.433 loading class org/bytedeco/javacv/FFmpeg
Event: 47.433 loading class org/bytedeco/javacv/FFmpeg done
Event: 47.496 Thread 0x000000001be73000 Thread exited: 0x000000001be73000
Event: 47.590 Executing VM operation: ParallelGCFailedAllocation
Event: 47.594 Executing VM operation: ParallelGCFailedAllocation done


Dynamic libraries:
0x00007ff7dd1d0000 - 0x00007ff7dd207000 	C:\Program Files\Java\jdk1.8.0_144\bin\java.exe
0x00007ffbd4060000 - 0x00007ffbd4240000 	C:\WINDOWS\SYSTEM32\ntdll.dll
0x00007ffbd3e70000 - 0x00007ffbd3f1e000 	C:\WINDOWS\System32\KERNEL32.DLL
0x00007ffbd0fd0000 - 0x00007ffbd1236000 	C:\WINDOWS\System32\KERNELBASE.dll
0x00007ffbd2460000 - 0x00007ffbd2501000 	C:\WINDOWS\System32\ADVAPI32.dll
0x00007ffbd1eb0000 - 0x00007ffbd1f4d000 	C:\WINDOWS\System32\msvcrt.dll
0x00007ffbd29d0000 - 0x00007ffbd2a2b000 	C:\WINDOWS\System32\sechost.dll
0x00007ffbd1d90000 - 0x00007ffbd1eaf000 	C:\WINDOWS\System32\RPCRT4.dll
0x00007ffbd1c00000 - 0x00007ffbd1d8f000 	C:\WINDOWS\System32\USER32.dll
0x00007ffbd1310000 - 0x00007ffbd1330000 	C:\WINDOWS\System32\win32u.dll
0x00007ffbd2020000 - 0x00007ffbd2048000 	C:\WINDOWS\System32\GDI32.dll
0x00007ffbd1390000 - 0x00007ffbd1523000 	C:\WINDOWS\System32\gdi32full.dll
0x00007ffbd0d60000 - 0x00007ffbd0dfb000 	C:\WINDOWS\System32\msvcp_win.dll
0x00007ffbd0460000 - 0x00007ffbd0556000 	C:\WINDOWS\System32\ucrtbase.dll
0x00007ffbc1d40000 - 0x00007ffbc1fa9000 	C:\WINDOWS\WinSxS\amd64_microsoft.windows.common-controls_6595b64144ccf1df_6.0.16299.192_none_15c8cdae9364c23b\COMCTL32.dll
0x00007ffbd2080000 - 0x00007ffbd2388000 	C:\WINDOWS\System32\combase.dll
0x00007ffbd1290000 - 0x00007ffbd1302000 	C:\WINDOWS\System32\bcryptPrimitives.dll
0x00007ffbd2920000 - 0x00007ffbd294d000 	C:\WINDOWS\System32\IMM32.DLL
0x000000005a470000 - 0x000000005a542000 	C:\Program Files\Java\jdk1.8.0_144\jre\bin\msvcr100.dll
0x0000000058820000 - 0x00000000590bd000 	C:\Program Files\Java\jdk1.8.0_144\jre\bin\server\jvm.dll
0x00007ffbd1530000 - 0x00007ffbd1538000 	C:\WINDOWS\System32\PSAPI.DLL
0x00007ffbcf050000 - 0x00007ffbcf059000 	C:\WINDOWS\SYSTEM32\WSOCK32.dll
0x00007ffbd23f0000 - 0x00007ffbd245c000 	C:\WINDOWS\System32\WS2_32.dll
0x00007ffbcd0c0000 - 0x00007ffbcd0e3000 	C:\WINDOWS\SYSTEM32\WINMM.dll
0x00007ffbc4750000 - 0x00007ffbc475a000 	C:\WINDOWS\SYSTEM32\VERSION.dll
0x00007ffbcd060000 - 0x00007ffbcd08a000 	C:\WINDOWS\SYSTEM32\WINMMBASE.dll
0x00007ffbd1240000 - 0x00007ffbd128a000 	C:\WINDOWS\System32\cfgmgr32.dll
0x0000000058810000 - 0x000000005881f000 	C:\Program Files\Java\jdk1.8.0_144\jre\bin\verify.dll
0x00000000587e0000 - 0x0000000058809000 	C:\Program Files\Java\jdk1.8.0_144\jre\bin\java.dll
0x0000000058760000 - 0x0000000058783000 	C:\Program Files\Java\jdk1.8.0_144\jre\bin\instrument.dll
0x00000000587c0000 - 0x00000000587d6000 	C:\Program Files\Java\jdk1.8.0_144\jre\bin\zip.dll
0x00007ffbd2a30000 - 0x00007ffbd3e66000 	C:\WINDOWS\System32\SHELL32.dll
0x00007ffbd1ae0000 - 0x00007ffbd1b86000 	C:\WINDOWS\System32\shcore.dll
0x00007ffbd0560000 - 0x00007ffbd0ca7000 	C:\WINDOWS\System32\windows.storage.dll
0x00007ffbd2720000 - 0x00007ffbd2771000 	C:\WINDOWS\System32\shlwapi.dll
0x00007ffbd0440000 - 0x00007ffbd0451000 	C:\WINDOWS\System32\kernel.appcore.dll
0x00007ffbd03d0000 - 0x00007ffbd041c000 	C:\WINDOWS\System32\powrprof.dll
0x00007ffbd03b0000 - 0x00007ffbd03cb000 	C:\WINDOWS\System32\profapi.dll
0x00007ffbccea0000 - 0x00007ffbcceba000 	C:\Program Files\JetBrains\IntelliJ IDEA Community Edition 2017.2.5\bin\breakgen64.dll
0x00000000585a0000 - 0x00000000585ba000 	C:\Program Files\Java\jdk1.8.0_144\jre\bin\net.dll
0x00007ffbcfc40000 - 0x00007ffbcfca6000 	C:\WINDOWS\system32\mswsock.dll
0x00007ffbba190000 - 0x00007ffbba27f000 	C:\Users\Wang\.javacpp\cache\opencv-3.2.0-1.3-windows-x86_64.jar\org\bytedeco\javacpp\windows-x86_64\msvcr120.dll
0x00007ffbbe460000 - 0x00007ffbbe506000 	C:\Users\Wang\.javacpp\cache\opencv-3.2.0-1.3-windows-x86_64.jar\org\bytedeco\javacpp\windows-x86_64\msvcp120.dll
0x00007ffb8f6b0000 - 0x00007ffb8f938000 	C:\Users\Wang\.javacpp\cache\opencv-3.2.0-1.3-windows-x86_64.jar\org\bytedeco\javacpp\windows-x86_64\opencv_core320.dll
0x00007ffb8f340000 - 0x00007ffb8f6a2000 	C:\Users\Wang\.javacpp\cache\opencv-3.2.0-1.3-windows-x86_64.jar\org\bytedeco\javacpp\windows-x86_64\opencv_imgproc320.dll
0x00007ffb8f0f0000 - 0x00007ffb8f33a000 	C:\Users\Wang\.javacpp\cache\opencv-3.2.0-1.3-windows-x86_64.jar\org\bytedeco\javacpp\windows-x86_64\jniopencv_core.dll
0x0000000058580000 - 0x0000000058591000 	C:\Program Files\Java\jdk1.8.0_144\jre\bin\nio.dll
0x00007ffbba0a0000 - 0x00007ffbba190000 	C:\Users\Wang\.javacpp\cache\opencv-3.2.0-1.3-windows-x86_64.jar\org\bytedeco\javacpp\windows-x86_64\jniopencv_imgproc.dll
0x00007ffb8e990000 - 0x00007ffb8ec5a000 	C:\Users\Wang\.javacpp\cache\opencv-3.2.0-1.3-windows-x86_64.jar\org\bytedeco\javacpp\windows-x86_64\opencv_imgcodecs320.dll
0x00007ffbc57a0000 - 0x00007ffbc57c5000 	C:\Users\Wang\.javacpp\cache\opencv-3.2.0-1.3-windows-x86_64.jar\org\bytedeco\javacpp\windows-x86_64\jniopencv_imgcodecs.dll
0x00007ffbc5740000 - 0x00007ffbc578e000 	C:\Users\Wang\.javacpp\cache\opencv-3.2.0-1.3-windows-x86_64.jar\org\bytedeco\javacpp\windows-x86_64\opencv_videoio320.dll
0x00007ffbd1990000 - 0x00007ffbd1ad9000 	C:\WINDOWS\System32\ole32.dll
0x00007ffbd1f50000 - 0x00007ffbd2015000 	C:\WINDOWS\System32\OLEAUT32.dll
0x00007ffbc4170000 - 0x00007ffbc4199000 	C:\WINDOWS\SYSTEM32\MSVFW32.dll
0x00007ffbcc1b0000 - 0x00007ffbcc1cf000 	C:\WINDOWS\SYSTEM32\AVIFIL32.dll
0x00007ffbcbe90000 - 0x00007ffbcbea8000 	C:\WINDOWS\SYSTEM32\AVICAP32.dll
0x00007ffbb0f60000 - 0x00007ffbb0f7c000 	C:\WINDOWS\SYSTEM32\MSACM32.dll
0x00007ffbcaca0000 - 0x00007ffbcacb7000 	C:\Users\Wang\.javacpp\cache\opencv-3.2.0-1.3-windows-x86_64.jar\org\bytedeco\javacpp\windows-x86_64\jniopencv_videoio.dll
0x00007ffbce660000 - 0x00007ffbce6f5000 	C:\WINDOWS\system32\uxtheme.dll
0x00007ffbbf000000 - 0x00007ffbbf0a9000 	C:\Program Files\Common Files\microsoft shared\ink\tiptsf.dll
0x00007ffbd2510000 - 0x00007ffbd25ae000 	C:\WINDOWS\System32\clbcatq.dll
0x00007ffbc58a0000 - 0x00007ffbc58b8000 	C:\Windows\System32\devenum.dll
0x00007ffbd1540000 - 0x00007ffbd198e000 	C:\WINDOWS\System32\setupapi.dll
0x00007ffbcf4f0000 - 0x00007ffbcf521000 	C:\WINDOWS\SYSTEM32\ntmarta.dll
0x00007ffbd01c0000 - 0x00007ffbd01e7000 	C:\WINDOWS\SYSTEM32\DEVOBJ.dll
0x00007ffbd1330000 - 0x00007ffbd1388000 	C:\WINDOWS\System32\WINTRUST.dll
0x00007ffbd0420000 - 0x00007ffbd0432000 	C:\WINDOWS\System32\MSASN1.dll
0x00007ffbd0e00000 - 0x00007ffbd0fce000 	C:\WINDOWS\System32\CRYPT32.dll
0x00007ffbccfb0000 - 0x00007ffbccfba000 	C:\WINDOWS\SYSTEM32\msdmo.dll
0x00007ffbbf280000 - 0x00007ffbbf2b3000 	C:\Windows\System32\qcap.dll
0x00007ffb938c0000 - 0x00007ffb93a7c000 	C:\Windows\System32\quartz.dll
0x00007ffbcff10000 - 0x00007ffbcff35000 	C:\Windows\System32\bcrypt.dll
0x00007ffbd25b0000 - 0x00007ffbd2717000 	C:\WINDOWS\System32\MSCTF.dll
0x00007ffbce890000 - 0x00007ffbce8ba000 	C:\WINDOWS\system32\dwmapi.dll
0x00007ffbcabf0000 - 0x00007ffbcac30000 	c:\Program Files\WIDCOMM\Bluetooth Software\btmmhook.dll
0x00007ffbbdd10000 - 0x00007ffbbdd5e000 	C:\Windows\System32\mfksproxy.dll
0x00007ffbbfc60000 - 0x00007ffbbfc7d000 	C:\Windows\System32\ATL.DLL
0x00007ffbbdd60000 - 0x00007ffbbdd96000 	C:\Windows\System32\MFSENSORGROUP.dll
0x00007ffbcbcd0000 - 0x00007ffbcbe81000 	C:\Windows\System32\MFPlat.DLL
0x00007ffbcbaf0000 - 0x00007ffbcbb22000 	C:\Windows\System32\RTWorkQ.DLL
0x00007ffbbdc70000 - 0x00007ffbbdcb9000 	C:\Windows\System32\ksproxy.ax
0x00007ffbcab00000 - 0x00007ffbcab09000 	C:\Windows\System32\ksuser.dll
0x00007ffba0ca0000 - 0x00007ffba0e35000 	C:\Windows\System32\d3d9.dll
0x00007ffbc67c0000 - 0x00007ffbc683b000 	C:\WINDOWS\SYSTEM32\policymanager.dll
0x00007ffbca190000 - 0x00007ffbca220000 	C:\Windows\System32\msvcp110_win.dll
0x00007ffbccf20000 - 0x00007ffbccf2c000 	C:\Windows\System32\vidcap.ax
0x00007ffbbf250000 - 0x00007ffbbf276000 	C:\Windows\System32\kswdmcap.ax
0x00007ffb8e820000 - 0x00007ffb8e985000 	C:\Windows\System32\MFC42.dll
0x00007ffbbbcf0000 - 0x00007ffbbbd90000 	C:\Windows\System32\qedit.dll
0x00007ffbd3f20000 - 0x00007ffbd402a000 	C:\WINDOWS\System32\COMDLG32.dll
0x00007ffbc1ba0000 - 0x00007ffbc1d3c000 	C:\WINDOWS\WinSxS\amd64_microsoft.windows.gdiplus_6595b64144ccf1df_1.1.16299.192_none_46b3c093edf73c09\gdiplus.dll
0x00007ffba92f0000 - 0x00007ffba93e6000 	C:\Windows\System32\DDRAW.dll
0x00007ffbcf220000 - 0x00007ffbcf2cf000 	C:\Windows\System32\dxgi.dll
0x00007ffbc3970000 - 0x00007ffbc3978000 	C:\Windows\System32\DCIMAN32.dll
0x00000000583e0000 - 0x0000000058578000 	C:\Program Files\Java\jdk1.8.0_144\jre\bin\awt.dll
0x00007ffbce4a0000 - 0x00007ffbce528000 	C:\WINDOWS\SYSTEM32\apphelp.dll
0x00007ffbb3960000 - 0x00007ffbb3a7e000 	C:\WINDOWS\system32\opengl32.dll
0x00007ffbb3bd0000 - 0x00007ffbb3bfc000 	C:\WINDOWS\SYSTEM32\GLU32.dll
0x0000000058390000 - 0x00000000583d7000 	C:\Program Files\Java\jdk1.8.0_144\jre\bin\fontmanager.dll
0x00007ffbc35a0000 - 0x00007ffbc3638000 	C:\WINDOWS\System32\TextInputFramework.dll
0x00007ffbcde90000 - 0x00007ffbcdf6c000 	C:\WINDOWS\System32\CoreMessaging.dll
0x00007ffbcb3b0000 - 0x00007ffbcb69e000 	C:\WINDOWS\System32\CoreUIComponents.dll
0x00007ffbcbee0000 - 0x00007ffbcc016000 	C:\WINDOWS\SYSTEM32\wintypes.dll
0x00007ffbc2160000 - 0x00007ffbc2366000 	C:\Windows\System32\uiautomationcore.dll
0x00007ffbd0210000 - 0x00007ffbd02aa000 	C:\WINDOWS\SYSTEM32\sxs.dll
0x00007ffbc0ce0000 - 0x00007ffbc0d4e000 	C:\Windows\System32\OLEACC.dll
0x00007ffbbf310000 - 0x00007ffbbf391000 	C:\WINDOWS\SYSTEM32\twinapi.dll
0x00007ffbcea10000 - 0x00007ffbceb8b000 	C:\WINDOWS\SYSTEM32\twinapi.appcore.dll
0x00007ffbce980000 - 0x00007ffbce9a0000 	C:\WINDOWS\SYSTEM32\RMCLIENT.dll
0x00007ffb92ef0000 - 0x00007ffb92f93000 	C:\Users\Wang\.javacpp\cache\ffmpeg-3.2.1-1.3-windows-x86_64.jar\org\bytedeco\javacpp\windows-x86_64\avutil-55.dll
0x000000006fe00000 - 0x000000006fe81000 	C:\Users\Wang\.javacpp\cache\ffmpeg-3.2.1-1.3-windows-x86_64.jar\org\bytedeco\javacpp\windows-x86_64\jniavutil.dll
0x00007ffba9e70000 - 0x00007ffba9e98000 	C:\Users\Wang\.javacpp\cache\ffmpeg-3.2.1-1.3-windows-x86_64.jar\org\bytedeco\javacpp\windows-x86_64\swresample-2.dll
0x0000000070080000 - 0x00000000700ad000 	C:\Users\Wang\.javacpp\cache\ffmpeg-3.2.1-1.3-windows-x86_64.jar\org\bytedeco\javacpp\windows-x86_64\jniswresample.dll
0x00007ffb8b200000 - 0x00007ffb8cf36000 	C:\Users\Wang\.javacpp\cache\ffmpeg-3.2.1-1.3-windows-x86_64.jar\org\bytedeco\javacpp\windows-x86_64\avcodec-57.dll
0x000000006a1c0000 - 0x000000006a259000 	C:\Users\Wang\.javacpp\cache\ffmpeg-3.2.1-1.3-windows-x86_64.jar\org\bytedeco\javacpp\windows-x86_64\jniavcodec.dll
0x00007ffb8e490000 - 0x00007ffb8e81e000 	C:\Users\Wang\.javacpp\cache\ffmpeg-3.2.1-1.3-windows-x86_64.jar\org\bytedeco\javacpp\windows-x86_64\avformat-57.dll
0x00007ffbbf9d0000 - 0x00007ffbbf9dc000 	C:\WINDOWS\SYSTEM32\Secur32.dll
0x00007ffbd02b0000 - 0x00007ffbd02e0000 	C:\WINDOWS\SYSTEM32\SSPICLI.DLL
0x000000006abc0000 - 0x000000006ac4c000 	C:\Users\Wang\.javacpp\cache\ffmpeg-3.2.1-1.3-windows-x86_64.jar\org\bytedeco\javacpp\windows-x86_64\jniavformat.dll
0x00007ffb92b60000 - 0x00007ffb92bf3000 	C:\Users\Wang\.javacpp\cache\ffmpeg-3.2.1-1.3-windows-x86_64.jar\org\bytedeco\javacpp\windows-x86_64\swscale-4.dll
0x0000000067cc0000 - 0x0000000067cf1000 	C:\Users\Wang\.javacpp\cache\ffmpeg-3.2.1-1.3-windows-x86_64.jar\org\bytedeco\javacpp\windows-x86_64\jniswscale.dll
0x00007ffba9a10000 - 0x00007ffba9a38000 	C:\Users\Wang\.javacpp\cache\ffmpeg-3.2.1-1.3-windows-x86_64.jar\org\bytedeco\javacpp\windows-x86_64\postproc-54.dll
0x000000006a0c0000 - 0x000000006a0ec000 	C:\Users\Wang\.javacpp\cache\ffmpeg-3.2.1-1.3-windows-x86_64.jar\org\bytedeco\javacpp\windows-x86_64\jnipostproc.dll
0x00007ffb8eed0000 - 0x00007ffb8f0e2000 	C:\Users\Wang\.javacpp\cache\ffmpeg-3.2.1-1.3-windows-x86_64.jar\org\bytedeco\javacpp\windows-x86_64\avfilter-6.dll
0x0000000064400000 - 0x000000006444a000 	C:\Users\Wang\.javacpp\cache\ffmpeg-3.2.1-1.3-windows-x86_64.jar\org\bytedeco\javacpp\windows-x86_64\jniavfilter.dll
0x00007ffba99e0000 - 0x00007ffba9a0c000 	C:\Users\Wang\.javacpp\cache\ffmpeg-3.2.1-1.3-windows-x86_64.jar\org\bytedeco\javacpp\windows-x86_64\avdevice-57.dll
0x000000001e990000 - 0x000000001e9c1000 	C:\Users\Wang\.javacpp\cache\ffmpeg-3.2.1-1.3-windows-x86_64.jar\org\bytedeco\javacpp\windows-x86_64\jniavdevice.dll
0x00007ffbcee60000 - 0x00007ffbcf028000 	C:\WINDOWS\SYSTEM32\dbghelp.dll

VM Arguments:
jvm_args: -javaagent:C:\Program Files\JetBrains\IntelliJ IDEA Community Edition 2017.2.5\lib\idea_rt.jar=52431:C:\Program Files\JetBrains\IntelliJ IDEA Community Edition 2017.2.5\bin -Dfile.encoding=UTF-8 
java_command: MotionDetector
java_class_path (initial): C:\Program Files\Java\jdk1.8.0_144\jre\lib\charsets.jar;C:\Program Files\Java\jdk1.8.0_144\jre\lib\deploy.jar;C:\Program Files\Java\jdk1.8.0_144\jre\lib\ext\access-bridge-64.jar;C:\Program Files\Java\jdk1.8.0_144\jre\lib\ext\cldrdata.jar;C:\Program Files\Java\jdk1.8.0_144\jre\lib\ext\dnsns.jar;C:\Program Files\Java\jdk1.8.0_144\jre\lib\ext\jaccess.jar;C:\Program Files\Java\jdk1.8.0_144\jre\lib\ext\jfxrt.jar;C:\Program Files\Java\jdk1.8.0_144\jre\lib\ext\localedata.jar;C:\Program Files\Java\jdk1.8.0_144\jre\lib\ext\nashorn.jar;C:\Program Files\Java\jdk1.8.0_144\jre\lib\ext\sunec.jar;C:\Program Files\Java\jdk1.8.0_144\jre\lib\ext\sunjce_provider.jar;C:\Program Files\Java\jdk1.8.0_144\jre\lib\ext\sunmscapi.jar;C:\Program Files\Java\jdk1.8.0_144\jre\lib\ext\sunpkcs11.jar;C:\Program Files\Java\jdk1.8.0_144\jre\lib\ext\zipfs.jar;C:\Program Files\Java\jdk1.8.0_144\jre\lib\javaws.jar;C:\Program Files\Java\jdk1.8.0_144\jre\lib\jce.jar;C:\Program Files\Java\jdk1.8.0_144\jre\lib\jfr.jar;C:\Program Files\Java\jdk1.8.0_144\jre\lib\jfxswt.jar;C:\Program Files\Java\jdk1.8.0_144\jre\lib\jsse.jar;C:\Program Files\Java\jdk1.8.0_144\jre\lib\management-agent.jar;C:\Program Files\Java\jdk1.8.0_144\jre\lib\plugin.jar;C:\Program Files\Java\jdk1.8.0_144\jre\lib\resources.jar;C:\Program Files\Java\jdk1.8.0_144\jre\lib\rt.jar;C:\Users\Wang\Documents\Projects\cvt\out\production\classes;C:\Users\Wang\.gradle\caches\modules-2\files-2.1\org.bytedeco\javacv-platform\1.3.3\1e7844133d92cbe4c09326290a72ceed2e9bc21f\javacv-platform-1.3.3.jar;C:\Users\Wang\.gradle\caches\modules-2\files-2.1\org.bytedeco\javacpp\1.3.3\bdea626b334e6a31cfa7b2a9ab3881e6da7015ce\javacpp-1.3.3.jar;C:\Users\Wang\.gradle\caches\modules-2\files-2.1\org.bytedeco\javacv\1.3.3\df8e6257480f3f58fca5f6867fe6bf6ac000d7ea\javacv-1.3.3.jar;C:\Users\Wang\.gradle\caches\modules-2\files-2.1\org.bytedeco.javacpp-presets\opencv-platform\3.2.0-1.3\28c5ebd90f18c239cbbd09dbfcce2fadab6aa76\opencv-platform-3.2.0-1.3.
Launcher Type: SUN_STANDARD

Environment Variables:
PATH=C:\Program Files (x86)\Vim\vim80;C:\Program Files (x86)\GnuWin32\bin;C:\Program Files\Java\jdk1.8.0_144\bin;C:\ProgramData\Oracle\Java\javapath;C:\Program Files (x86)\Intel\iCLS Client\;C:\Program Files\Intel\iCLS Client\;C:\Program Files\Dell\DW WLAN Card;C:\WINDOWS\system32;C:\WINDOWS;C:\WINDOWS\System32\Wbem;C:\WINDOWS\System32\WindowsPowerShell\v1.0\;c:\Program Files\WIDCOMM\Bluetooth Software\;c:\Program Files\WIDCOMM\Bluetooth Software\syswow64;C:\Program Files (x86)\Intel\Intel(R) Management Engine Components\DAL;C:\Program Files\Intel\Intel(R) Management Engine Components\DAL;C:\Program Files (x86)\Intel\Intel(R) Management Engine Components\IPT;C:\Program Files\Intel\Intel(R) Management Engine Components\IPT;C:\Program Files\Java\jdk-9.0.1\bin;C:\Program Files\CMake\bin;C:\Users\Wang\AppData\Local\Microsoft\WindowsApps;
USERNAME=Wang
OS=Windows_NT
PROCESSOR_IDENTIFIER=Intel64 Family 6 Model 78 Stepping 3, GenuineIntel



---------------  S Y S T E M  ---------------

OS: Windows 10.0 , 64 bit Build 16299 (10.0.16299.15)

CPU:total 4 (initial active 4) (2 cores per cpu, 2 threads per core) family 6 model 78 stepping 3, cmov, cx8, fxsr, mmx, sse, sse2, sse3, ssse3, sse4.1, sse4.2, popcnt, avx, avx2, aes, clmul, erms, 3dnowpref, lzcnt, ht, tsc, tscinvbit, bmi1, bmi2, adx

Memory: 4k page, physical 8256916k(3139200k free), swap 10545192k(1699040k free)

vm_info: Java HotSpot(TM) 64-Bit Server VM (25.144-b01) for windows-amd64 JRE (1.8.0_144-b01), built on Jul 21 2017 21:57:33 by "java_re" with MS VC++ 10.0 (VS2010)

time: Wed Jan 10 18:11:26 2018
elapsed time: 47 seconds (0d 0h 0m 47s)

